SETTLE [ 2021-05-26~2021-05-28 ] at 2021-05-28 11:37:05 108
吴琪玮->张庚申	15.0
时东山->肖遥	7.0
时东山->张文慧	23.0
黄晨熠->张文慧	23.0
时东山->张庚申	15.0
时东山->高晓坤	29.0
黄晨熠->戴敏	16.0
张庚申->高晓坤	29.0
戴敏->肖遥	7.0
戴敏->张文慧	23.0
肖遥->张庚申	15.0
张庚申->张文慧	23.0
韩彤->戴敏	16.0
张文慧->黄晨熠	7.0
张文慧->高晓坤	29.0
戴敏->时东山	15.0
戴敏->黄晨熠	7.0
韩彤->肖遥	7.0
韩彤->张文慧	23.0
黄晨熠->时东山	15.0
夏宇泽->韩彤	22.0
黄晨熠->张庚申	15.0
高晓坤->韩彤	22.0
高晓坤->戴敏	16.0
高晓坤->黄晨熠	7.0
吴琪玮->高晓坤	29.0
徐弘毅->肖遥	7.0
张峰->韩彤	22.0
肖遥->韩彤	22.0
夏宇泽->戴敏	16.0
徐弘毅->韩彤	22.0
吴琪玮->韩彤	22.0
夏宇泽->肖遥	7.0
张峰->时东山	15.0
肖遥->高晓坤	9.0
韩彤->张庚申	15.0
张峰->高晓坤	29.0
徐弘毅->时东山	15.0
肖遥->黄晨熠	7.0
徐弘毅->张庚申	15.0
高晓坤->时东山	15.0

SETTLE [ 2021-05-29~2021-05-30 ] at 2021-05-28 11:37:58 521
时东山->张峰	23.0
时东山->韩彤	15.0
张庚申->韩彤	15.0
吴琪玮->张庚申	15.0
黄晨熠->韩彤	15.0
黄晨熠->张峰	23.0
时东山->戴敏	22.0
时东山->张庚申	15.0
黄晨熠->徐弘毅	23.0
张文慧->韩彤	15.0
肖遥->张庚申	15.0
戴敏->张峰	23.0
戴敏->韩彤	15.0
韩彤->徐弘毅	23.0
韩彤->戴敏	48.0
张文慧->戴敏	48.0
戴敏->徐弘毅	23.0
黄晨熠->张庚申	15.0
高晓坤->张峰	23.0
高晓坤->徐弘毅	23.0
徐弘毅->戴敏	22.0
吴琪玮->戴敏	22.0
徐弘毅->张峰	23.0
夏宇泽->戴敏	26.0
吴琪玮->韩彤	15.0
韩彤->张庚申	15.0
肖遥->徐弘毅	23.0
张峰->戴敏	48.0
肖遥->戴敏	26.0
徐弘毅->张庚申	15.0

